QSocketNotifier: Can only be used with threads started with QThread
settings filename: [/home/alvo/.config/open-robotics/traffic-editor.conf]
parsed /opt/ros/jazzy/share/rmf_traffic_editor_assets/thumbnails/model_list.yaml successfully
changing directory to [/home/alvo/test_ws/src/test_building_maps/maps]
CoordinateSystem::CoordinateSystem(value)
CoordinateSystem::init_proj()
tile_cache_root: /home/alvo/.cache/open-robotics/traffic-editor/tiles
cache: 0 files, 0.000 MB
Initialize crowd_sim_implementation for building
Building::load(/home/alvo/test_ws/src/test_building_maps/maps/test_map.building.yaml)
crowd_sim loaded 0 goal_sets
crowd_sim loaded 1 states
crowd_sim loaded 0 transitions
crowd_sim loaded 1 agent_profiles
crowd_sim loaded 1 agent_groups
crowd_sim loaded 1 model_types
parsing level [L1]
  level L1 drawing: ../assets/test_map.png
used 1 measurements to estimate meters/pixel as 0.05012
Level::draw()
Level::draw()
previous filename: /home/alvo/test_ws/src/test_building_maps/maps/test_map.building.yaml
current building filename: /home/alvo/test_ws/src/test_building_maps/maps/test_map.building.yaml
restoring viewport: (84.8, 487.6, 2.989400)
closeEvent:  (372, 366) -> (85.0, 487.4)
CoordinateSystem::~CoordinateSystem()
